

times in msec
 clock   self+sourced   self:  sourced script
 clock   elapsed:              other lines

000.016  000.016: --- NVIM STARTING ---
000.196  000.180: event init
000.378  000.182: early init
000.772  000.394: locale set
000.843  000.071: init first window
001.416  000.573: inits 1
001.434  000.018: window checked
001.439  000.005: parsing arguments
002.352  000.166  000.166: require('vim.shared')
002.584  000.083  000.083: require('vim._meta')
002.588  000.230  000.147: require('vim._editor')
002.591  000.457  000.061: require('vim._init_packages')
002.595  000.698: init lua interpreter
002.677  000.082: expanding arguments
002.749  000.072: inits 2
003.421  000.672: init highlight
003.423  000.003: waiting for UI
004.503  001.079: done waiting for UI
004.526  000.023: init screen for UI
004.876  000.350: init default mappings
004.909  000.033: init default autocommands
006.132  000.112  000.112: sourcing /usr/share/nvim/runtime/ftplugin.vim
006.275  000.080  000.080: sourcing /usr/share/nvim/runtime/indent.vim
006.403  000.060  000.060: sourcing $VIM/sysinit.vim
008.630  000.916  000.916: require('lazy')
008.708  000.031  000.031: require('ffi')
009.614  000.902  000.902: require('lazy.core.cache')
014.824  000.051  000.051: require('lazy.stats')
014.890  000.044  000.044: require('lazy.core.util')
014.938  000.046  000.046: require('lazy.core.config')
014.989  000.019  000.019: require('lazy.core.handler')
015.022  000.032  000.032: require('lazy.core.plugin')
015.028  000.088  000.038: require('lazy.core.loader')
015.811  000.171  000.171: require('lazy.core.handler.cmd')
015.858  000.041  000.041: require('lazy.core.handler.event')
015.883  000.022  000.022: require('lazy.core.handler.ft')
015.908  000.022  000.022: require('lazy.core.handler.keys')
016.170  000.124  000.124: sourcing /usr/share/nvim/runtime/filetype.lua
017.355  000.228  000.228: require('cmp.utils.api')
017.404  000.024  000.024: require('cmp.types.cmp')
017.475  000.038  000.038: require('cmp.utils.misc')
017.517  000.110  000.072: require('cmp.types.lsp')
017.551  000.032  000.032: require('cmp.types.vim')
017.555  000.196  000.030: require('cmp.types')
017.581  000.024  000.024: require('cmp.utils.highlight')
017.624  000.019  000.019: require('cmp.utils.debug')
017.629  000.046  000.027: require('cmp.utils.autocmd')
017.989  000.889  000.395: sourcing /home/fabian/.local/share/nvim/lazy/nvim-cmp/plugin/cmp.lua
018.302  000.029  000.029: require('cmp.utils.char')
018.308  000.049  000.021: require('cmp.utils.str')
018.337  000.028  000.028: require('cmp.utils.pattern')
018.406  000.010  000.010: require('cmp.utils.buffer')
018.411  000.043  000.033: require('cmp.utils.keymap')
018.413  000.075  000.032: require('cmp.utils.feedkeys')
018.434  000.020  000.020: require('cmp.utils.async')
018.473  000.026  000.026: require('cmp.utils.cache')
018.475  000.040  000.014: require('cmp.context')
018.567  000.015  000.015: require('cmp.config.mapping')
018.601  000.019  000.019: require('cmp.config.compare')
018.602  000.033  000.014: require('cmp.config.default')
018.611  000.085  000.037: require('cmp.config')
018.650  000.013  000.013: require('cmp.matcher')
018.654  000.042  000.029: require('cmp.entry')
018.658  000.182  000.055: require('cmp.source')
018.684  000.010  000.010: require('cmp.utils.event')
018.720  000.020  000.020: require('cmp.utils.window')
018.721  000.036  000.016: require('cmp.view.docs_view')
018.750  000.028  000.028: require('cmp.view.custom_entries_view')
018.776  000.024  000.024: require('cmp.view.wildmenu_entries_view')
018.793  000.017  000.017: require('cmp.view.native_entries_view')
018.828  000.034  000.034: require('cmp.view.ghost_text_view')
018.834  000.175  000.026: require('cmp.view')
018.946  000.759  000.190: require('cmp.core')
019.020  000.017  000.017: require('cmp.config.sources')
019.033  000.011  000.011: require('cmp.config.window')
019.061  000.978  000.191: require('cmp')
019.603  000.015  000.015: require('luasnip.util.types')
019.622  000.017  000.017: require('luasnip.util.ext_opts')
020.031  000.022  000.022: require('nvim-treesitter.utils')
020.198  000.010  000.010: require('vim.treesitter.language')
020.204  000.036  000.026: require('vim.treesitter.query')
020.226  000.021  000.021: require('vim.treesitter.languagetree')
020.233  000.083  000.027: require('vim.treesitter')
020.382  000.320  000.237: require('nvim-treesitter.parsers')
020.488  000.022  000.022: require('nvim-treesitter.ts_utils')
020.491  000.038  000.016: require('nvim-treesitter.tsrange')
020.512  000.021  000.021: require('nvim-treesitter.caching')
020.518  000.082  000.024: require('nvim-treesitter.query')
020.528  000.126  000.043: require('nvim-treesitter.configs')
020.531  000.147  000.022: require('nvim-treesitter.info')
020.563  000.031  000.031: require('nvim-treesitter.shell_command_selectors')
020.580  000.605  000.084: require('nvim-treesitter.install')
020.601  000.019  000.019: require('nvim-treesitter.statusline')
020.622  000.021  000.021: require('nvim-treesitter.query_predicates')
020.624  000.794  000.149: require('nvim-treesitter')
020.797  000.979  000.185: sourcing /home/fabian/.local/share/nvim/lazy/nvim-treesitter/plugin/nvim-treesitter.lua
020.890  000.020  000.020: require('nvim-treesitter.highlight')
020.892  000.080  000.061: require('core.treesitter')
020.895  001.223  000.164: require('nvim-treesitter.parsers')
020.897  001.274  000.050: require('luasnip.extras.filetype_functions')
020.911  000.013  000.013: require('luasnip.session')
020.975  000.029  000.029: require('luasnip.util.util')
020.991  000.014  000.014: require('luasnip.nodes.util')
021.004  000.012  000.012: require('luasnip.util.events')
021.010  000.081  000.026: require('luasnip.nodes.node')
021.141  000.036  000.036: require('luasnip.util.extend_decorator')
021.148  000.236  000.119: require('luasnip.nodes.insertNode')
021.225  000.023  000.023: require('luasnip.util.mark')
021.303  000.022  000.022: require('luasnip.nodes.textNode')
021.592  000.273  000.273: require('luasnip.util._builtin_vars')
021.629  000.034  000.034: require('vim.inspect')
021.658  000.353  000.045: require('luasnip.util.environ')
021.694  000.034  000.034: require('luasnip.util.pattern_tokenizer')
021.718  000.023  000.023: require('luasnip.util.dict')
021.750  000.030  000.030: require('luasnip.session.snippet_collection')
021.831  000.604  000.143: require('luasnip.nodes.snippet')
021.842  000.692  000.065: require('luasnip.nodes.choiceNode')
021.894  000.040  000.040: require('luasnip.nodes.functionNode')
021.955  000.058  000.058: require('luasnip.nodes.dynamicNode')
022.010  000.053  000.053: require('luasnip.nodes.restoreNode')
022.033  000.020  000.020: require('luasnip.nodes.absolute_indexer')
022.058  000.023  000.023: require('luasnip.extras')
022.102  000.018  000.018: require('luasnip.util.str')
022.125  000.062  000.044: require('luasnip.extras.fmt')
022.160  000.013  000.013: require('luasnip.extras.conditions')
022.171  000.009  000.009: require('luasnip.extras.conditions.show')
022.175  000.039  000.017: require('luasnip.extras.conditions.expand')
022.176  000.051  000.012: require('luasnip.extras.expand_conditions')
022.190  000.012  000.012: require('luasnip.extras.postfix')
022.255  000.023  000.023: require('luasnip.util.parser.neovim_ast')
022.842  000.024  000.024: require('luasnip.util.directed_graph')
022.848  000.644  000.597: require('luasnip.util.parser.ast_utils')
022.883  000.013  000.013: require('luasnip.util.functions')
022.887  000.038  000.025: require('luasnip.util.parser.ast_parser')
022.939  000.051  000.051: require('luasnip.util.parser.neovim_parser')
022.944  000.753  000.020: require('luasnip.util.parser')
023.099  003.684  000.366: require('luasnip.config')
023.140  003.827  000.143: sourcing /home/fabian/.local/share/nvim/lazy/LuaSnip/plugin/luasnip.vim
023.187  000.010  000.010: sourcing /home/fabian/.local/share/nvim/lazy/LuaSnip/ftdetect/snippets.vim
023.280  000.013  000.013: require('luasnip.loaders._caches')
023.312  000.030  000.030: require('luasnip.util.path')
023.331  000.082  000.039: require('luasnip.loaders')
023.401  000.051  000.051: require('luasnip.util.log')
023.415  000.204  000.072: require('luasnip')
023.459  000.020  000.020: require('luasnip.loaders.util')
023.475  000.015  000.015: require('luasnip.nodes.snippetProxy')
023.480  000.064  000.028: require('luasnip.loaders.from_vscode')
028.553  005.360  005.092: require('core.snippets')
028.560  009.498  000.301: require('luasnip')
028.944  010.910  000.434: require('core.nvim-cmp')
029.655  000.186  000.186: require('gitsigns.async')
029.700  000.041  000.041: require('gitsigns.status')
029.904  000.154  000.154: require('gitsigns.debug')
029.966  000.060  000.060: require('gitsigns.util')
030.050  000.051  000.051: require('gitsigns.uv')
030.054  000.088  000.037: require('gitsigns.subprocess')
030.292  000.119  000.119: require('gitsigns.message')
030.302  000.167  000.048: require('gitsigns.config')
030.314  000.010  000.010: require('gitsigns.signs.base')
030.315  000.233  000.056: require('gitsigns.signs')
030.319  000.263  000.030: require('gitsigns.hunks')
030.324  000.623  000.058: require('gitsigns.git')
030.358  000.012  000.012: require('gitsigns.cache')
030.369  000.010  000.010: require('gitsigns.debounce')
030.380  000.009  000.009: require('gitsigns.diff')
030.390  000.064  000.033: require('gitsigns.manager')
030.421  000.030  000.030: require('gitsigns.highlight')
030.426  001.280  000.335: require('gitsigns')
030.704  000.019  000.019: require('gitsigns.signs.vimfn')
031.884  000.035  000.035: sourcing /home/fabian/.local/share/nvim/lazy/nvim-colorizer.lua/plugin/colorizer.vim
032.202  000.054  000.054: require('colorizer/nvim')
032.334  000.130  000.130: require('colorizer/trie')
032.450  000.524  000.340: require('colorizer')
033.366  000.016  000.016: require('nvim-autopairs._log')
033.400  000.032  000.032: require('nvim-autopairs.utils')
034.006  000.569  000.569: require('nvim-autopairs.conds')
034.010  000.590  000.021: require('nvim-autopairs.rule')
034.012  000.610  000.020: require('nvim-autopairs.rules.basic')
034.019  000.872  000.214: require('nvim-autopairs')
034.536  000.011  000.011: require('toggleterm.lazy')
034.547  000.009  000.009: require('toggleterm.constants')
034.588  000.040  000.040: require('toggleterm.terminal')
034.592  000.242  000.182: require('toggleterm')
034.618  000.012  000.012: require('toggleterm.colors')
034.631  000.012  000.012: require('toggleterm.utils')
034.635  000.042  000.018: require('toggleterm.config')
034.676  000.003  000.003: require('vim.F')
034.758  000.003  000.003: require('vim.keymap')
034.828  000.021  000.021: require('toggleterm.commandline')
035.092  000.040  000.040: require('nvim-surround.config')
035.097  000.058  000.018: require('nvim-surround.buffer')
035.107  000.009  000.009: require('nvim-surround.cache')
035.119  000.011  000.011: require('nvim-surround.utils')
035.122  000.223  000.146: require('nvim-surround')
035.776  000.016  000.016: require('Comment.config')
035.827  000.030  000.030: require('Comment.ft')
035.831  000.053  000.022: require('Comment.utils')
035.845  000.013  000.013: require('Comment.opfunc')
035.858  000.011  000.011: require('Comment.extra')
035.860  000.306  000.213: require('Comment.api')
035.919  000.376  000.070: sourcing /home/fabian/.local/share/nvim/lazy/Comment.nvim/plugin/Comment.lua
035.948  000.014  000.014: require('Comment')
036.339  000.061  000.061: sourcing /home/fabian/.local/share/nvim/lazy/nvim-dap/plugin/dap.lua
036.602  000.016  000.016: require('dap.utils')
036.615  000.091  000.075: require('dap')
036.693  000.023  000.023: require('dapui.config')
036.695  000.040  000.017: require('dapui.util')
036.722  000.017  000.017: require('dapui.render.canvas')
036.734  000.011  000.011: require('dapui.render.loop')
036.735  000.039  000.011: require('dapui.render')
036.748  000.012  000.012: require('dapui.windows.layout')
036.751  000.112  000.021: require('dapui.windows')
036.754  000.138  000.026: require('dapui')
036.896  000.513  000.284: require('core.dap')
036.998  000.021  000.021: sourcing /home/fabian/.local/share/nvim/lazy/nvim-jdtls/plugin/nvim_jdtls.vim
037.419  000.237  000.237: sourcing /home/fabian/.local/share/nvim/lazy/tabular/plugin/Tabular.vim
037.900  000.112  000.112: sourcing /home/fabian/.local/share/nvim/lazy/undotree/plugin/undotree.vim
038.364  000.019  000.019: sourcing /home/fabian/.local/share/nvim/lazy/plenary.nvim/plugin/plenary.vim
038.526  000.134  000.134: sourcing /home/fabian/.local/share/nvim/lazy/telescope.nvim/plugin/telescope.lua
038.739  000.015  000.015: require('telescope._extensions')
038.741  000.203  000.188: require('telescope')
038.832  000.014  000.014: require('plenary.bit')
038.852  000.018  000.018: require('plenary.functional')
038.862  000.080  000.048: require('plenary.path')
038.867  000.099  000.019: require('plenary.strings')
038.878  000.010  000.010: require('telescope.deprecated')
038.971  000.065  000.065: require('plenary.log')
038.979  000.083  000.018: require('telescope.log')
039.023  000.021  000.021: require('plenary.job')
039.035  000.010  000.010: require('telescope.state')
039.038  000.058  000.026: require('telescope.utils')
039.043  000.165  000.024: require('telescope.sorters')
040.090  001.347  001.074: require('telescope.config')
040.900  000.013  000.013: require('vim.ui')
040.904  000.029  000.017: require('dressing.patch')
040.905  000.198  000.168: require('dressing')
040.911  000.213  000.015: sourcing /home/fabian/.local/share/nvim/lazy/dressing.nvim/plugin/dressing.lua
041.083  000.105  000.105: sourcing /home/fabian/.local/share/nvim/lazy/vim-auto-save/plugin/AutoSave.vim
042.100  000.190  000.190: require('nvim-tree.notify')
042.104  000.209  000.019: require('nvim-tree.events')
042.149  000.014  000.014: require('nvim-tree.log')
042.187  000.013  000.013: require('nvim-tree.iterators.node-iterator')
042.214  000.064  000.051: require('nvim-tree.utils')
042.256  000.041  000.041: require('nvim-tree.git.utils')
042.276  000.018  000.018: require('nvim-tree.git.runner')
042.312  000.036  000.036: require('nvim-tree.watcher')
042.336  000.022  000.022: require('nvim-tree.explorer.node')
042.340  000.221  000.025: require('nvim-tree.git')
042.358  000.017  000.017: require('nvim-tree.explorer.watch')
042.389  000.014  000.014: require('nvim-tree.explorer.node-builders')
042.413  000.023  000.023: require('nvim-tree.explorer.sorters')
042.427  000.013  000.013: require('nvim-tree.explorer.filters')
042.476  000.033  000.033: require('nvim-tree.view')
042.478  000.050  000.017: require('nvim-tree.live-filter')
042.481  000.120  000.019: require('nvim-tree.explorer.explore')
042.496  000.015  000.015: require('nvim-tree.explorer.reload')
042.498  000.393  000.020: require('nvim-tree.explorer')
042.500  000.615  000.013: require('nvim-tree.core')
042.518  000.018  000.018: require('nvim-tree.diagnostics')
042.542  000.011  000.011: require('nvim-tree.modified')
042.544  000.024  000.013: require('nvim-tree.renderer.components.modified')
042.558  000.013  000.013: require('nvim-tree.renderer.components.padding')
042.571  000.013  000.013: require('nvim-tree.renderer.components.icons')
042.588  000.016  000.016: require('nvim-tree.renderer.components.full-name')
042.600  000.011  000.011: require('nvim-tree.renderer.help')
042.619  000.018  000.018: require('nvim-tree.renderer.components.git')
042.642  000.022  000.022: require('nvim-tree.renderer.builder')
042.658  000.015  000.015: require('nvim-tree.marks')
042.661  000.795  000.030: require('nvim-tree.renderer')
042.676  000.012  000.012: require('nvim-tree.actions.tree-modifiers.collapse-all')
042.688  000.011  000.011: require('nvim-tree.actions.root.dir-up')
042.703  000.014  000.014: require('nvim-tree.actions.root.change-dir')
042.717  000.013  000.013: require('nvim-tree.actions.reloaders.reloaders')
042.731  000.012  000.012: require('nvim-tree.actions.finders.find-file')
042.732  000.884  000.026: require('nvim-tree.lib')
042.755  000.022  000.022: require('nvim-tree.colors')
042.775  000.019  000.019: require('nvim-tree.legacy')
042.797  000.021  000.021: require('nvim-tree.actions.fs.copy-paste')
042.834  000.019  000.019: require('nvim-tree.actions.tree-modifiers.expand-all')
042.859  000.014  000.014: require('nvim-tree.actions.tree-modifiers.toggles')
042.890  000.026  000.026: require('nvim-tree.actions.fs.create-file')
042.908  000.017  000.017: require('nvim-tree.actions.fs.rename-file')
042.926  000.017  000.017: require('nvim-tree.actions.fs.trash')
042.944  000.016  000.016: require('nvim-tree.actions.fs.remove-file')
042.958  000.013  000.013: require('nvim-tree.actions.moves.parent')
043.039  000.079  000.079: require('nvim-tree.actions.moves.sibling')
043.070  000.029  000.029: require('nvim-tree.actions.moves.item')
043.088  000.015  000.015: require('nvim-tree.actions.finders.search-node')
043.103  000.013  000.013: require('nvim-tree.actions.node.run-command')
043.119  000.015  000.015: require('nvim-tree.actions.node.file-popup')
043.136  000.016  000.016: require('nvim-tree.actions.node.system-open')
043.151  000.013  000.013: require('nvim-tree.marks.bulk-move')
043.153  000.354  000.051: require('nvim-tree.actions.dispatch')
043.301  000.138  000.138: require('vim.diagnostic')
043.311  001.517  000.079: require('nvim-tree')
044.281  000.059  000.059: require('nvim-tree.actions')
044.319  000.032  000.032: require('nvim-tree.actions.node.open-file')
044.772  000.017  000.017: require('nvim-tree.marks.navigation')
044.775  000.064  000.047: require('nvim-tree.api')
044.782  000.097  000.032: require('nvim-tree.keymap')
045.158  000.030  000.030: sourcing /home/fabian/.local/share/nvim/lazy/nvim-web-devicons/plugin/nvim-web-devicons.vim
045.367  000.334  000.304: require('nvim-web-devicons')
046.441  004.837  002.799: require('core.tree')
047.141  000.022  000.022: require('indent_blankline/utils')
047.145  000.234  000.212: require('indent_blankline')
047.308  000.040  000.040: require('indent_blankline.commands')
047.361  000.497  000.222: sourcing /home/fabian/.local/share/nvim/lazy/indent-blankline.nvim/plugin/indent_blankline.vim
048.269  000.047  000.047: require('vim.lsp.log')
048.508  000.235  000.235: require('vim.lsp.protocol')
048.656  000.060  000.060: require('vim.lsp._snippet')
048.687  000.029  000.029: require('vim.highlight')
048.702  000.192  000.103: require('vim.lsp.util')
048.714  000.530  000.056: require('vim.lsp.handlers')
048.778  000.062  000.062: require('vim.lsp.rpc')
048.798  000.019  000.019: require('vim.lsp.sync')
048.844  000.045  000.045: require('vim.lsp.buf')
048.864  000.019  000.019: require('vim.lsp.diagnostic')
048.886  000.021  000.021: require('vim.lsp.codelens')
048.953  001.057  000.362: require('vim.lsp')
048.983  001.107  000.050: sourcing /home/fabian/.local/share/nvim/lazy/nvim-lspconfig/plugin/lspconfig.lua
049.438  000.044  000.044: require('mason-core.functional')
049.454  000.014  000.014: require('mason-core.path')
049.473  000.018  000.018: require('mason.settings')
049.525  000.011  000.011: require('mason-core.functional.data')
049.529  000.028  000.018: require('mason-core.functional.function')
049.548  000.012  000.012: require('mason-core.functional.relation')
049.565  000.013  000.013: require('mason-core.functional.logic')
049.573  000.099  000.045: require('mason-core.platform')
049.584  000.214  000.039: require('mason-core.log')
049.621  000.019  000.019: require('mason-core.async')
049.633  000.011  000.011: require('mason-core.async.uv')
049.637  000.052  000.023: require('mason-core.fs')
049.653  000.015  000.015: require('mason-core.optional')
049.666  000.012  000.012: require('mason-core.EventEmitter')
049.716  000.050  000.050: require('mason-registry.index')
049.740  000.021  000.021: require('mason-core.functional.list')
049.744  000.393  000.029: require('mason-registry')
049.747  000.675  000.282: require('mason-tool-installer')
049.759  000.699  000.024: sourcing /home/fabian/.local/share/nvim/lazy/mason-tool-installer.nvim/plugin/mason-tool-installer.lua
049.795  000.014  000.014: require('mason')
049.836  000.031  000.031: require('mason.api.command')
050.133  000.018  000.018: require('lualine_require')
050.350  000.269  000.251: require('lualine')
052.242  002.370  002.101: require('core.lualine')
052.493  000.110  000.110: sourcing /usr/share/nvim/runtime/plugin/gzip.vim
052.515  000.007  000.007: sourcing /usr/share/nvim/runtime/plugin/health.vim
052.566  000.026  000.026: sourcing /usr/share/nvim/runtime/plugin/man.lua
052.883  000.114  000.114: sourcing /usr/share/nvim/runtime/pack/dist/opt/matchit/plugin/matchit.vim
052.918  000.338  000.224: sourcing /usr/share/nvim/runtime/plugin/matchit.vim
053.028  000.091  000.091: sourcing /usr/share/nvim/runtime/plugin/matchparen.vim
053.273  000.233  000.233: sourcing /usr/share/nvim/runtime/plugin/netrwPlugin.vim
053.797  000.104  000.104: sourcing /usr/share/nvim/runtime/autoload/remote/host.vim
054.043  000.092  000.092: sourcing /usr/share/nvim/runtime/autoload/remote/define.vim
055.376  001.957  001.760: sourcing /home/fabian/.local/share/nvim/rplugin.vim
055.382  002.069  000.113: sourcing /usr/share/nvim/runtime/plugin/rplugin.vim
055.457  000.040  000.040: sourcing /usr/share/nvim/runtime/plugin/shada.vim
055.507  000.015  000.015: sourcing /usr/share/nvim/runtime/plugin/spellfile.vim
055.601  000.069  000.069: sourcing /usr/share/nvim/runtime/plugin/tarPlugin.vim
055.675  000.050  000.050: sourcing /usr/share/nvim/runtime/plugin/tohtml.vim
055.707  000.011  000.011: sourcing /usr/share/nvim/runtime/plugin/tutor.vim
055.817  000.094  000.094: sourcing /usr/share/nvim/runtime/plugin/zipPlugin.vim
056.235  000.121  000.121: sourcing /home/fabian/.local/share/nvim/lazy/tabular/autoload/tabular.vim
057.383  001.390  001.270: sourcing /home/fabian/.local/share/nvim/lazy/tabular/after/plugin/TabularMaps.vim
057.509  000.071  000.071: require('cmp_luasnip')
057.549  000.124  000.052: sourcing /home/fabian/.local/share/nvim/lazy/cmp_luasnip/after/plugin/cmp_luasnip.lua
057.633  000.043  000.043: require('cmp_nvim_lsp_signature_help')
057.649  000.071  000.028: sourcing /home/fabian/.local/share/nvim/lazy/cmp-nvim-lsp-signature-help/after/plugin/cmp_nvim_lsp_signature_help.lua
057.731  000.028  000.028: require('cmp_nvim_lua')
057.747  000.055  000.027: sourcing /home/fabian/.local/share/nvim/lazy/cmp-nvim-lua/after/plugin/cmp_nvim_lua.lua
057.849  000.040  000.040: require('cmp_nvim_lsp.source')
057.853  000.071  000.030: require('cmp_nvim_lsp')
057.865  000.091  000.020: sourcing /home/fabian/.local/share/nvim/lazy/cmp-nvim-lsp/after/plugin/cmp_nvim_lsp.lua
057.940  000.041  000.041: require('cmp_path')
057.954  000.064  000.023: sourcing /home/fabian/.local/share/nvim/lazy/cmp-path/after/plugin/cmp_path.lua
058.099  000.048  000.048: require('cmp_buffer.timer')
058.103  000.078  000.030: require('cmp_buffer.buffer')
058.106  000.104  000.026: require('cmp_buffer.source')
058.107  000.120  000.016: require('cmp_buffer')
058.120  000.141  000.021: sourcing /home/fabian/.local/share/nvim/lazy/cmp-buffer/after/plugin/cmp_buffer.lua
058.162  051.630  016.113: require('plugins')
058.364  000.201  000.201: require('options')
059.149  000.782  000.782: require('mappings')
059.226  000.075  000.075: require('autocmd')
059.509  000.136  000.136: require('lspconfig.util')
059.513  000.186  000.051: require('lspconfig.configs')
059.515  000.273  000.087: require('lspconfig')
059.686  000.065  000.065: require('lsp.handlers')
059.714  000.026  000.026: require('lspconfig.server_configurations.clangd')
060.031  000.041  000.041: require('lsp.settings.sumneko_lua')
060.062  000.026  000.026: require('lspconfig.server_configurations.sumneko_lua')
060.320  000.058  000.058: require('lspconfig.server_configurations.pyright')
060.444  000.031  000.031: require('lspconfig.server_configurations.rust_analyzer')
060.583  000.060  000.060: require('lspconfig.server_configurations.texlab')
060.716  001.201  000.894: require('lsp.lsp-installer')
060.903  000.040  000.040: require('null-ls.utils')
060.939  000.099  000.059: require('null-ls.config')
060.974  000.017  000.017: require('null-ls.helpers.cache')
061.005  000.029  000.029: require('null-ls.helpers.diagnostics')
061.022  000.016  000.016: require('null-ls.helpers.formatter_factory')
061.096  000.031  000.031: require('null-ls.logger')
061.128  000.031  000.031: require('null-ls.state')
061.130  000.094  000.032: require('null-ls.helpers.generator_factory')
061.190  000.038  000.038: require('null-ls.helpers.command_resolver')
061.192  000.061  000.022: require('null-ls.helpers.make_builtin')
061.214  000.021  000.021: require('null-ls.helpers.range_formatting_args_factory')
061.215  000.275  000.038: require('null-ls.helpers')
061.333  000.053  000.053: require('null-ls.methods')
061.336  000.095  000.041: require('null-ls.diagnostics')
061.343  000.127  000.032: require('null-ls.sources')
061.362  000.017  000.017: require('null-ls.builtins')
061.364  000.546  000.028: require('null-ls')
061.404  000.039  000.039: require('null-ls.builtins.formatting.prettier')
061.439  000.024  000.024: require('null-ls.builtins.formatting.stylua')
061.460  000.020  000.020: require('null-ls.builtins.formatting.black')
061.674  000.035  000.035: require('null-ls.client')
061.696  000.914  000.250: require('lsp.null-ls')
061.697  002.469  000.082: require('lsp')
061.748  000.050  000.050: require('core.terminal')
062.837  000.042  000.042: require('nord.named_colors')
062.849  000.131  000.089: require('nord.colors')
062.851  000.258  000.128: require('nord.theme')
062.853  000.284  000.026: require('nord.util')
062.884  000.030  000.030: require('bufferline.theme')
062.887  000.340  000.026: require('nord')
065.183  002.651  002.311: sourcing /home/fabian/.local/share/nvim/lazy/nord.nvim/colors/nord.lua
065.845  000.041  000.041: require('indent_blankline.utils')
066.197  059.752  001.854: sourcing /home/fabian/.config/nvim/init.lua
066.203  001.290: sourcing vimrc file(s)
066.410  000.016  000.016: sourcing /usr/share/nvim/runtime/filetype.lua
066.439  000.013  000.013: sourcing /usr/share/nvim/runtime/filetype.vim
066.680  000.075  000.075: sourcing /usr/share/nvim/runtime/syntax/synload.vim
066.784  000.286  000.212: sourcing /usr/share/nvim/runtime/syntax/syntax.vim
066.794  000.275: inits 3
068.836  002.042: reading ShaDa
068.927  000.044  000.044: require('luasnip.loaders.from_lua')
068.979  000.034  000.034: require('luasnip.loaders.from_snipmate')
069.316  000.402: opening buffers
069.447  000.130: BufEnter autocommands
069.449  000.002: editing files in windows
069.933  000.484: VimEnter autocommands
069.961  000.027: UIEnter autocommands
069.962  000.001: before starting main loop
070.344  000.382: first screen update
070.346  000.002: --- NVIM STARTED ---
